This is pdfTeX, Version 3.1415926-2.5-1.40.14 (TeX Live 2013/Debian) (format=latex 2016.11.22)  22 NOV 2016 21:57
entering extended mode
 restricted \write18 enabled.
 %&-line parsing enabled.
**exit
(/usr/share/texlive/texmf-dist/tex/latex/tools/q.tex
! Interruption.
<to be read again> 
                   \begingroup 
l.1 
    %%
? quit
OK, entering \batchmode...
LaTeX2e <2011/06/27>
Babel <3.9h> and hyphenation patterns for 2 languages loaded.
 File ignored
)
! Emergency stop.
<*> exit
        
*** (job aborted, no legal \end found)

 
Here is how much of TeX's memory you used:
 8 strings out of 495029
 255 string characters out of 6181522
 45941 words of memory out of 5000000
 3315 multiletter control sequences out of 15000+600000
 3640 words of font info for 14 fonts, out of 8000000 for 9000
 14 hyphenation exceptions out of 8191
 5i,0n,1p,84b,8s stack positions out of 5000i,500n,10000p,200000b,80000s
No pages of output.
